[debug] ----------------------------------------------------------------------
[debug] Command:      /usr/local/bin/node /usr/local/bin/firebase serve
[debug] CLI Version:  3.2.0
[debug] Platform:     darwin
[debug] Node Version: v4.4.5
[debug] Time:         Thu Dec 15 2016 11:21:28 GMT-0600 (CST)
[debug] ----------------------------------------------------------------------
[debug] 
[info] Starting Firebase development server...
[info] 
[info] Project Directory: /Users/kevinnadro/Desktop/github/Dndeets
[info] Public Directory: public
[info] 
[info] Server listening at: http://localhost:5000
[debug] ----------------------------------------------------------------------
[debug] Command:      /usr/local/bin/node /usr/local/bin/firebase serve
[debug] CLI Version:  3.2.0
[debug] Platform:     darwin
[debug] Node Version: v4.4.5
[debug] Time:         Sat Dec 17 2016 10:55:24 GMT-0600 (CST)
[debug] ----------------------------------------------------------------------
[debug] 
[info] Starting Firebase development server...
[info] 
[info] Project Directory: /Users/kevinnadro/Desktop/github/Dndeets
[info] Public Directory: public
[info] 
[info] Server listening at: http://localhost:5000
